<?xml version="1.0" encoding="UTF-8"?>
<testng-results ignored="0" total="1" passed="1" failed="0" skipped="0">
  <reporter-output>
  </reporter-output>
  <suite started-at="2022-02-04T21:40:39 EST" name="Default suite" finished-at="2022-02-04T21:41:03 EST" duration-ms="24188">
    <groups>
    </groups>
    <test started-at="2022-02-04T21:40:39 EST" name="Default test" finished-at="2022-02-04T21:41:03 EST" duration-ms="24188">
      <class name="testPages.SearchBoxTest">
        <test-method is-config="true" signature="setUp()[pri:0, instance:testPages.SearchBoxTest@4c1909a3]" started-at="2022-02-04T21:40:39 EST" name="setUp" finished-at="2022-02-04T21:40:59 EST" duration-ms="19998" status="PASS">
          <reporter-output>
          </reporter-output>
        </test-method> <!-- setUp -->
        <test-method signature="simpleSearch()[pri:0, instance:testPages.SearchBoxTest@4c1909a3]" started-at="2022-02-04T21:40:59 EST" name="simpleSearch" finished-at="2022-02-04T21:41:03 EST" duration-ms="4111" status="PASS">
          <reporter-output>
          </reporter-output>
        </test-method> <!-- simpleSearch -->
        <test-method is-config="true" signature="quttingBrowser()[pri:0, instance:testPages.SearchBoxTest@4c1909a3]" started-at="2022-02-04T21:41:03 EST" name="quttingBrowser" finished-at="2022-02-04T21:41:03 EST" duration-ms="1" status="PASS">
          <reporter-output>
          </reporter-output>
        </test-method> <!-- quttingBrowser -->
      </class> <!-- testPages.SearchBoxTest -->
    </test> <!-- Default test -->
  </suite> <!-- Default suite -->
</testng-results>
